* 0.258288:*:cli:run!: doom sync
* 0.258522:*:cli:context-parse: found command (doom)
* 0.259206:*:cli:load: autoload /home/n/.emacs.d/lisp/cli/sync.el
* 0.259327:*:cli:load: ~/.emacs.d/lisp/cli/sync.el nil
* 0.261736:*:cli:load: ~/.emacs.d/lisp/cli/packages nil
* 0.334082:*:cli:context-parse: found command (doom sync)
* 0.334843:*:cli:context-execute: doom sync
* 0.335892:*:cli:execute: (:before) ((input) (context . #s(doom-cli-context (25619 19116 74496 136000) 50939 1 (126 . 38) nil nil doom nil nil (doom sync) nil (sync) ((--jobs) (-j) (-p) (-u) (-c) (-e) (--eval) (-E) (--strict-load) (--load) (-L) (--color) (--benchmark) (--profile) (--pager) (--emacsdir) (--doomdir) (--verbose) (-v) (--debug) (-D) (--force) (-!)) ((t) ((doom sync)) ((doom) sync))  *doom-cli stdin*  *doom-cli stdout*  *doom-cli stderr* nil)) (_) (evals) (loads) (color?) (bench?) (profile) (pager) (emacsdir) (doomdir) (verbose?) (debug?) (force?))
* 0.336048:*:cli:execute: (:before doom build) nil
* 0.336140:*:cli:Initializing straight
* 0.336239::context: +packages (cli t)
* 0.336318::context:module: =[0 -110 -110 :core nil nil nil]
* 0.478052:*:cli:Initializing recipes
* 0.489482:*:cli:Installing core packages
* 0.489576:*:cli:execute: (doom sync) ((jobs) (purge?) (update?) (noelc?) (noenvvar?))
* 0.490024:*:cli:call: (doom sync) -> (doom profiles sync --reload)
* 0.490265:*:cli:context-parse: found command (doom)
* 0.490805:*:cli:load: autoload /home/n/.emacs.d/lisp/cli/profiles.el
* 0.490933:*:cli:load: ~/.emacs.d/lisp/cli/profiles.el nil
* 0.507145:*:cli:context-parse: found command (doom profiles)
* 0.507802:*:cli:context-parse: found command (doom profiles sync)
* 0.508458:*:cli:context-parse: found switch "--reload"
* 0.509319:*:cli:context-execute: doom profiles sync
* 0.510181:*:cli:execute: (:before) ((input) (context . #s(doom-cli-context (25619 19116 74496 136000) 50939 1 (126 . 38) nil nil doom nil nil (doom profiles sync) nil (sync) ((--reload . --reload) (--jobs) (-j) (-p) (-u) (-c) (-e) (--eval) (-E) (--strict-load) (--load) (-L) (--color) (--benchmark) (--profile) (--pager) (--emacsdir) (--doomdir) (--verbose) (-v) (--debug) (-D) (--force) (-!)) ((t) ((doom profiles sync) --reload) ((doom profiles) sync --reload) ((doom) profiles sync --reload))  *doom-cli stdin*  *doom-cli stdout*  *doom-cli stderr* nil)) (_) (evals) (loads) (color?) (bench?) (profile) (pager) (emacsdir) (doomdir) (verbose?) (debug?) (force?))
* 0.510355:*:cli:execute: (doom profiles sync) ((reload? . --reload))
! No profile loader found. Generating one...
  > Regenerating it...
  > Synchronizing 1 known profile...
    - Added safe-mode
    ✓ Regenerated profile loader: ~/.emacs.d/profiles/load.el
> Synchronizing "default" profile...
  * 0.525577:*:cli:call: (doom profiles sync) -> (doom env)
  * 0.525811:*:cli:context-parse: found command (doom)
  * 0.526391:*:cli:load: autoload /home/n/.emacs.d/lisp/cli/env.el
  * 0.526505:*:cli:load: ~/.emacs.d/lisp/cli/env.el nil
  * 0.533253:*:cli:context-parse: found command (doom env)
  * 0.534011:*:cli:context-execute: doom env
  * 0.534780:*:cli:execute: (:before) ((input) (context . #s(doom-cli-context (25619 19116 74496 136000) 50939 1 (126 . 38) nil nil doom nil nil (doom env) nil (sync) ((--deny) (-d) (--allow) (-a) (-o) (--deny-all) (--allow-all) (--reload . --reload) (--jobs) (-j) (-p) (-u) (-c) (-e) (--eval) (-E) (--strict-load) (--load) (-L) (--color) (--benchmark) (--profile) (--pager) (--emacsdir) (--doomdir) (--verbose) (-v) (--debug) (-D) (--force) (-!)) ((t) ((doom env)) ((doom) env))  *doom-cli stdin*  *doom-cli stdout*  *doom-cli stderr* nil)) (_) (evals) (loads) (color?) (bench?) (profile) (pager) (emacsdir) (doomdir) (verbose?) (debug?) (force?))
  * 0.534952:*:cli:execute: (doom env) ((rules) (output-file) (deny-only) (allow-only))
  > Regenerating envvars file
    * 0.536563:*:cli:cli:env: deny I3SOCK
    * 0.536944:*:cli:cli:env: deny PWD
    * 0.537173:*:cli:cli:env: deny XDG_VTNR
    * 0.537322:*:cli:cli:env: deny GPG_AGENT_INFO
    * 0.537673:*:cli:cli:env: deny __DOOMSTEP
    * 0.538221:*:cli:cli:env: deny SSH_AUTH_SOCK
    * 0.538659:*:cli:cli:env: deny XAUTHORITY
    * 0.538960:*:cli:cli:env: deny XDG_CURRENT_DESKTOP
    * 0.539137:*:cli:cli:env: deny DISPLAY
    * 0.539348:*:cli:cli:env: deny XDG_RUNTIME_DIR
    * 0.539878:*:cli:cli:env: deny TERM
    * 0.540008:*:cli:cli:env: deny XDG_SESSION_CLASS
    * 0.540398:*:cli:cli:env: deny __DOOMPIPE
    * 0.540710:*:cli:cli:env: deny __DOOMPID
    * 0.540843:*:cli:cli:env: deny DBUS_SESSION_BUS_ADDRESS
    * 0.541193:*:cli:cli:env: deny XDG_SEAT_PATH
    * 0.541466:*:cli:cli:env: deny __DOOMGEOM
    * 0.541867:*:cli:cli:env: deny __DOOMGPIPE
    * 0.542156:*:cli:cli:env: deny OLDPWD
    * 0.542268:*:cli:cli:env: deny HOME
    * 0.542404:*:cli:cli:env: deny SHLVL
    * 0.542546:*:cli:cli:env: deny XDG_SESSION_TYPE
    * 0.542782:*:cli:cli:env: deny SSH_AGENT_PID
    * 0.542939:*:cli:cli:env: deny XDG_SEAT
    * 0.543058:*:cli:cli:env: deny USER
    ✓ Generated ~/.emacs.d/.local/env
  * 0.545720:*:cli:Initializing package.el
  * 0.597703:*:cli:Initializing straight.el
  * 0.598253::context: +packages (cli t)
  * 0.598354::context:module: =[1 105 -105 :user nil nil nil]
  * 0.599169::context:module: =[2 -111 -111 :config use-package nil nil]
  * 0.600912::context:module: =[0 -110 -110 :core nil nil nil]
  * 0.627068::context:module: =[1 105 -105 :user nil nil nil]
  * 0.627546::context:module: =[3 0 0 :completion company nil nil]
  * 0.631163::context:module: =[4 0 0 :completion vertico nil nil]
  * 0.642578::context:module: =[5 0 0 :ui doom nil nil]
  * 0.645292::context:module: =[6 0 0 :ui doom-dashboard nil nil]
  * 0.645407::context:module: =[7 0 0 :ui hl-todo nil nil]
  * 0.646961::context:module: =[8 0 0 :ui modeline nil nil]
  * 0.650671::context:module: =[9 0 0 :ui ophints nil nil]
  * 0.653081::context:module: =[10 0 0 :ui popup (+defaults) nil]
  * 0.653215::context:module: =[11 0 0 :ui vc-gutter (+pretty) nil]
  * 0.655622::context:module: =[12 0 0 :ui vi-tilde-fringe nil nil]
  * 0.657280::context:module: =[13 0 0 :ui workspaces nil nil]
  * 0.658926::context:module: =[14 0 0 :editor evil (+everywhere) nil]
  * 0.678752::context:module: =[15 0 0 :editor file-templates nil nil]
  * 0.680420::context:module: =[16 0 0 :editor fold nil nil]
  * 0.685147::context:module: =[17 0 0 :editor snippets nil nil]
  * 0.688897::context:module: =[18 0 0 :emacs dired nil nil]
  * 0.696015::context:module: =[19 0 0 :emacs electric nil nil]
  * 0.696158::context:module: =[20 0 0 :emacs undo nil nil]
  * 0.699619::context:module: =[21 0 0 :emacs vc nil nil]
  * 0.707458::context:module: =[22 0 0 :checkers syntax nil nil]
  * 0.711114::context:module: =[23 0 0 :tools eval (+overlay) nil]
  * 0.713919::context:module: =[24 0 0 :tools lookup nil nil]
  * 0.725348::context:module: =[25 0 0 :tools magit nil nil]
  * 0.729639::context:module: =[26 0 0 :lang emacs-lisp nil nil]
  * 0.739472::context:module: =[27 0 0 :lang markdown nil nil]
  * 0.745126::context:module: =[28 0 0 :lang org nil nil]
  * 0.787760::context:module: =[29 0 0 :lang sh nil nil]
  * 0.791144::context:module: =[30 0 0 :config default (+bindings +smartparens) nil]
  * 0.795746::context:module: =[1 105 -105 :user nil nil nil]
  > Installing packages...
    - No packages need to be installed
  > (Re)building packages...
    - No packages need rebuilding
  > Purging orphaned packages (for the emperor)...
    - Skipping builds
    - Skipping elpa packages
    - Skipping repos
    - Skipping regrafting
  > (Re)building profile in /home/n/.emacs.d/.local/etc/@/...
    > Deleting old init files...
    > Generating 4 init files...
    > Byte-compiling ~/.emacs.d/.local/etc/@init.28.el...
    ✓ Built init.28.elc
  - Restart Emacs or use 'M-x doom/reload' for changes to take effect
* 2.462831:*:cli:Finished (GCs: 0, elapsed: 0.000000s)
* 2.462831:*:cli:Finished (GCs: 0, elapsed: 0.000000s)
