* 0.250269:*:cli:run!: doom sync
* 0.250500:*:cli:context-parse: found command (doom)
* 0.251243:*:cli:load: autoload /home/n/.emacs.d/lisp/cli/sync.el
* 0.251361:*:cli:load: ~/.emacs.d/lisp/cli/sync.el nil
* 0.251795:*:cli:load: ~/.emacs.d/lisp/cli/packages nil
* 0.320118:*:cli:context-parse: found command (doom sync)
* 0.320869:*:cli:context-execute: doom sync
* 0.321792:*:cli:execute: (:before) ((input) (context . #s(doom-cli-context (25619 19126 764961 837000) 51008 1 (126 . 38) nil nil doom nil nil (doom sync) nil (sync) ((--jobs) (-j) (-p) (-u) (-c) (-e) (--eval) (-E) (--strict-load) (--load) (-L) (--color) (--benchmark) (--profile) (--pager) (--emacsdir) (--doomdir) (--verbose) (-v) (--debug) (-D) (--force) (-!)) ((t) ((doom sync)) ((doom) sync))  *doom-cli stdin*  *doom-cli stdout*  *doom-cli stderr* nil)) (_) (evals) (loads) (color?) (bench?) (profile) (pager) (emacsdir) (doomdir) (verbose?) (debug?) (force?))
* 0.321946:*:cli:execute: (:before doom build) nil
* 0.322037:*:cli:Initializing straight
* 0.322135::context: +packages (cli t)
* 0.322213::context:module: =[0 -110 -110 :core nil nil nil]
* 0.456665:*:cli:Initializing recipes
* 0.461782:*:cli:Installing core packages
* 0.461873:*:cli:execute: (doom sync) ((jobs) (purge?) (update?) (noelc?) (noenvvar?))
* 0.462314:*:cli:call: (doom sync) -> (doom profiles sync --reload)
* 0.462573:*:cli:context-parse: found command (doom)
* 0.463209:*:cli:load: autoload /home/n/.emacs.d/lisp/cli/profiles.el
* 0.463309:*:cli:load: ~/.emacs.d/lisp/cli/profiles.el nil
* 0.479281:*:cli:context-parse: found command (doom profiles)
* 0.479936:*:cli:context-parse: found command (doom profiles sync)
* 0.480620:*:cli:context-parse: found switch "--reload"
* 0.481406:*:cli:context-execute: doom profiles sync
* 0.482262:*:cli:execute: (:before) ((input) (context . #s(doom-cli-context (25619 19126 764961 837000) 51008 1 (126 . 38) nil nil doom nil nil (doom profiles sync) nil (sync) ((--reload . --reload) (--jobs) (-j) (-p) (-u) (-c) (-e) (--eval) (-E) (--strict-load) (--load) (-L) (--color) (--benchmark) (--profile) (--pager) (--emacsdir) (--doomdir) (--verbose) (-v) (--debug) (-D) (--force) (-!)) ((t) ((doom profiles sync) --reload) ((doom profiles) sync --reload) ((doom) profiles sync --reload))  *doom-cli stdin*  *doom-cli stdout*  *doom-cli stderr* nil)) (_) (evals) (loads) (color?) (bench?) (profile) (pager) (emacsdir) (doomdir) (verbose?) (debug?) (force?))
* 0.482430:*:cli:execute: (doom profiles sync) ((reload? . --reload))
  * 0.483256:*:cli:Profiles are up-to-date!
> Synchronizing "default" profile...
  * 0.484897:*:cli:call: (doom profiles sync) -> (doom env)
  * 0.485145:*:cli:context-parse: found command (doom)
  * 0.485680:*:cli:load: autoload /home/n/.emacs.d/lisp/cli/env.el
  * 0.485779:*:cli:load: ~/.emacs.d/lisp/cli/env.el nil
  * 0.492135:*:cli:context-parse: found command (doom env)
  * 0.492868:*:cli:context-execute: doom env
  * 0.493633:*:cli:execute: (:before) ((input) (context . #s(doom-cli-context (25619 19126 764961 837000) 51008 1 (126 . 38) nil nil doom nil nil (doom env) nil (sync) ((--deny) (-d) (--allow) (-a) (-o) (--deny-all) (--allow-all) (--reload . --reload) (--jobs) (-j) (-p) (-u) (-c) (-e) (--eval) (-E) (--strict-load) (--load) (-L) (--color) (--benchmark) (--profile) (--pager) (--emacsdir) (--doomdir) (--verbose) (-v) (--debug) (-D) (--force) (-!)) ((t) ((doom env)) ((doom) env))  *doom-cli stdin*  *doom-cli stdout*  *doom-cli stderr* nil)) (_) (evals) (loads) (color?) (bench?) (profile) (pager) (emacsdir) (doomdir) (verbose?) (debug?) (force?))
  * 0.493778:*:cli:execute: (doom env) ((rules) (output-file) (deny-only) (allow-only))
  > Regenerating envvars file
    * 0.495499:*:cli:cli:env: deny I3SOCK
    * 0.495932:*:cli:cli:env: deny PWD
    * 0.496097:*:cli:cli:env: deny XDG_VTNR
    * 0.496238:*:cli:cli:env: deny GPG_AGENT_INFO
    * 0.496604:*:cli:cli:env: deny __DOOMSTEP
    * 0.497277:*:cli:cli:env: deny SSH_AUTH_SOCK
    * 0.497822:*:cli:cli:env: deny XAUTHORITY
    * 0.498147:*:cli:cli:env: deny XDG_CURRENT_DESKTOP
    * 0.498363:*:cli:cli:env: deny DISPLAY
    * 0.498631:*:cli:cli:env: deny XDG_RUNTIME_DIR
    * 0.499250:*:cli:cli:env: deny TERM
    * 0.499411:*:cli:cli:env: deny XDG_SESSION_CLASS
    * 0.499841:*:cli:cli:env: deny __DOOMPIPE
    * 0.500228:*:cli:cli:env: deny __DOOMPID
    * 0.500363:*:cli:cli:env: deny DBUS_SESSION_BUS_ADDRESS
    * 0.500700:*:cli:cli:env: deny XDG_SEAT_PATH
    * 0.500992:*:cli:cli:env: deny __DOOMGEOM
    * 0.501355:*:cli:cli:env: deny __DOOMGPIPE
    * 0.501689:*:cli:cli:env: deny OLDPWD
    * 0.501796:*:cli:cli:env: deny HOME
    * 0.501892:*:cli:cli:env: deny SHLVL
    * 0.502012:*:cli:cli:env: deny XDG_SESSION_TYPE
    * 0.502231:*:cli:cli:env: deny SSH_AGENT_PID
    * 0.502369:*:cli:cli:env: deny XDG_SEAT
    * 0.502462:*:cli:cli:env: deny USER
    ✓ Generated ~/.emacs.d/.local/env
  * 0.504932:*:cli:Initializing package.el
  * 0.557914:*:cli:Initializing straight.el
  * 0.558462::context: +packages (cli t)
  * 0.558572::context:module: =[1 105 -105 :user nil nil nil]
  * 0.559069::context:module: =[2 -111 -111 :config use-package nil nil]
  * 0.560514::context:module: =[0 -110 -110 :core nil nil nil]
  * 0.586342::context:module: =[1 105 -105 :user nil nil nil]
  * 0.586865::context:module: =[3 0 0 :completion company nil nil]
  * 0.590075::context:module: =[4 0 0 :completion vertico nil nil]
  * 0.601282::context:module: =[5 0 0 :ui doom nil nil]
  * 0.603690::context:module: =[6 0 0 :ui doom-dashboard nil nil]
  * 0.603797::context:module: =[7 0 0 :ui hl-todo nil nil]
  * 0.605197::context:module: =[8 0 0 :ui modeline nil nil]
  * 0.608712::context:module: =[9 0 0 :ui ophints nil nil]
  * 0.610913::context:module: =[10 0 0 :ui popup (+defaults) nil]
  * 0.611021::context:module: =[11 0 0 :ui vc-gutter (+pretty) nil]
  * 0.613218::context:module: =[12 0 0 :ui vi-tilde-fringe nil nil]
  * 0.614644::context:module: =[13 0 0 :ui workspaces nil nil]
  * 0.616087::context:module: =[14 0 0 :editor evil (+everywhere) nil]
  * 0.635738::context:module: =[15 0 0 :editor file-templates nil nil]
  * 0.637132::context:module: =[16 0 0 :editor fold nil nil]
  * 0.641438::context:module: =[17 0 0 :editor snippets nil nil]
  * 0.644956::context:module: =[18 0 0 :emacs dired nil nil]
  * 0.651869::context:module: =[19 0 0 :emacs electric nil nil]
  * 0.651984::context:module: =[20 0 0 :emacs undo nil nil]
  * 0.655181::context:module: =[21 0 0 :emacs vc nil nil]
  * 0.662858::context:module: =[22 0 0 :checkers syntax nil nil]
  * 0.666077::context:module: =[23 0 0 :tools eval (+overlay) nil]
  * 0.668631::context:module: =[24 0 0 :tools lookup nil nil]
  * 0.679975::context:module: =[25 0 0 :tools magit nil nil]
  * 0.684055::context:module: =[26 0 0 :lang emacs-lisp nil nil]
  * 0.693664::context:module: =[27 0 0 :lang markdown nil nil]
  * 0.699033::context:module: =[28 0 0 :lang org nil nil]
  * 0.741320::context:module: =[29 0 0 :lang sh nil nil]
  * 0.744517::context:module: =[30 0 0 :config default (+bindings +smartparens) nil]
  * 0.748875::context:module: =[1 105 -105 :user nil nil nil]
  > Installing packages...
    - No packages need to be installed
  > (Re)building packages...
    - No packages need rebuilding
  > Purging orphaned packages (for the emperor)...
    - Skipping builds
    - Skipping elpa packages
    - Skipping repos
    - Skipping regrafting
  > (Re)building profile in /home/n/.emacs.d/.local/etc/@/...
    > Deleting old init files...
    > Generating 4 init files...
    > Byte-compiling ~/.emacs.d/.local/etc/@init.28.el...
    ✓ Built init.28.elc
  - Restart Emacs or use 'M-x doom/reload' for changes to take effect
* 2.097090:*:cli:Finished (GCs: 0, elapsed: 0.000000s)
* 2.097090:*:cli:Finished (GCs: 0, elapsed: 0.000000s)
