* 0.250545:*:cli:run!: doom 
* 0.250769:*:cli:context-parse: found command (doom)
* 0.251514:*:cli:context-execute: doom
Error: a subcommand is required
* 0.253201:*:cli:call: (doom) -> (:help --subcommands --postamble)
* 0.253421:*:cli:context-parse: found command (:help)
* 0.254007:*:cli:context-parse: found switch "--subcommands"
* 0.254550:*:cli:context-parse: found switch "--postamble"
* 0.255231:*:cli:context-execute: :help
* 0.255953:*:cli:execute: (:before) ((input) (context . #s(doom-cli-context (25619 20359 520386 316000) 57271 1 (126 . 38) nil nil doom nil (doom-cli-command-not-found-error doom) (:help) nil nil ((--postamble) (--envvars) (--similar) (--subcommands) (--synopsis --subcommands --postamble) (--commands) (--manpage) (--no-global) (-g) (--eval) (-E) (--strict-load) (--load) (-L) (--color) (--benchmark) (--profile) (--pager) (--emacsdir) (--doomdir) (--verbose) (-v) (--debug) (-D) (--force) (-!)) ((t) (nil --subcommands --postamble))  *doom-cli stdin*  *doom-cli stdout*  *doom-cli stderr* nil)) (_) (evals) (loads) (color?) (bench?) (profile) (pager) (emacsdir) (doomdir) (verbose?) (debug?) (force?))
* 0.256126:*:cli:execute: (:help) ((context . #s(doom-cli-context (25619 20359 520386 316000) 57271 1 (126 . 38) nil nil doom nil (doom-cli-command-not-found-error doom) (:help) nil nil ((--postamble) (--envvars) (--similar) (--subcommands) (--synopsis --subcommands --postamble) (--commands) (--manpage) (--no-global) (-g) (--eval) (-E) (--strict-load) (--load) (-L) (--color) (--benchmark) (--profile) (--pager) (--emacsdir) (--doomdir) (--verbose) (-v) (--debug) (-D) (--force) (-!)) ((t) (nil --subcommands --postamble))  *doom-cli stdin*  *doom-cli stdout*  *doom-cli stderr* nil)) (command) (sections --subcommands --postamble) (commands?) (manpage?) (localonly?))
* 0.256321:*:cli:load: autoload /home/n/.emacs.d/lisp/cli/sync.el
* 0.256423:*:cli:load: ~/.emacs.d/lisp/cli/sync.el nil
* 0.256844:*:cli:load: ~/.emacs.d/lisp/cli/packages nil
* 0.326300:*:cli:load: autoload /home/n/.emacs.d/lisp/cli/profiles.el
* 0.326431:*:cli:load: ~/.emacs.d/lisp/cli/profiles.el nil
* 0.342510:*:cli:load: autoload /home/n/.emacs.d/lisp/cli/upgrade.el
* 0.342644:*:cli:load: ~/.emacs.d/lisp/cli/upgrade.el nil
* 0.349874:*:cli:load: ~/.emacs.d/lisp/cli/packages nil
* 0.405573:*:cli:load: ~/.emacs.d/lisp/cli/compile nil
* 0.422087:*:cli:load: autoload /home/n/.emacs.d/lisp/cli/env.el
* 0.422226:*:cli:load: ~/.emacs.d/lisp/cli/env.el nil
* 0.428522:*:cli:load: autoload /home/n/.emacs.d/lisp/cli/install.el
* 0.428624:*:cli:load: ~/.emacs.d/lisp/cli/install.el nil
* 0.429304:*:cli:load: ~/.emacs.d/lisp/cli/packages nil
* 0.458471:*:cli:load: autoload /home/n/.emacs.d/lisp/cli/doctor.el
* 0.458579:*:cli:load: ~/.emacs.d/lisp/cli/doctor.el nil
* 0.467842:*:cli:load: autoload /home/n/.emacs.d/lisp/cli/info.el
* 0.467944:*:cli:load: ~/.emacs.d/lisp/cli/info.el nil
* 0.470617:*:cli:load: autoload /home/n/.emacs.d/lisp/cli/ci.el
* 0.470715:*:cli:load: ~/.emacs.d/lisp/cli/ci.el nil
* 0.491324:*:cli:load: autoload /home/n/.emacs.d/lisp/cli/make.el
* 0.491441:*:cli:load: ~/.emacs.d/lisp/cli/make.el nil
* 0.492042:*:cli:load: ~/.emacs.d/lisp/cli/make/completions nil
* 0.503146:*:cli:load: autoload /home/n/.emacs.d/lisp/cli/run.el
* 0.503268:*:cli:load: ~/.emacs.d/lisp/cli/run.el nil

Available commands:
  help         Show documentation for a Doom CLI command.

  Development:
    run        Launch Doom Emacs or an Emacs sandbox
    make […]   (Re)Generate project files and boilerplate.
    ci […]     Commands that automate development processes.

  Diagnostics:
    version    Show installed versions of Doom, Doom modules, and Emacs.
    info       Print detailed information about your config for bug reports.
    doctor     Diagnoses common issues on your system.

  Config Management:
    pf         -> doom pf
    clean      Delete all *.elc files.
    compile    Byte-compiles your config or selected modules.
    install    Installs and sets up Doom Emacs for the first time.
    purge      Deletes orphaned packages & repos, and compacts them.
    build      Byte-compiles & symlinks installed packages.
    env […]    (Re)generates envvars file from your shell environment.
    upgrade    Updates Doom and packages.
    profile […]   THIS COMMAND IS A STUB AND HAS NOT BEEN IMPLEMENTED YET.
    profiles […]   Commands for maintaining your Doom Emacs configuration.
    sync       Synchronize your config with Doom Emacs.

See 'doom h[elp]' or 'doom {-?,--help}' for documentation.
* 0.567743:*:cli:Finished (GCs: 0, elapsed: 0.000000s)
* 0.567743:*:cli:Finished (GCs: 0, elapsed: 0.000000s)
