* 0.251159:*:cli:run!: doom doctor
* 0.251429:*:cli:context-parse: found command (doom)
* 0.252117:*:cli:load: autoload /home/n/.emacs.d/lisp/cli/doctor.el
* 0.252240:*:cli:load: ~/.emacs.d/lisp/cli/doctor.el nil
* 0.261284:*:cli:context-parse: found command (doom doctor)
* 0.261896:*:cli:context-execute: doom doctor
* 0.262615:*:cli:execute: (:before) ((input) (context . #s(doom-cli-context (25619 6525 786343 89000) 11739 1 (126 . 38) nil nil doom nil nil (doom doctor) nil (doctor) ((--eval) (-E) (--strict-load) (--load) (-L) (--color) (--benchmark) (--profile) (--pager) (--emacsdir) (--doomdir) (--verbose) (-v) (--debug) (-D) (--force) (-!)) ((t) ((doom doctor)) ((doom) doctor))  *doom-cli stdin*  *doom-cli stdout*  *doom-cli stderr* nil)) (_) (evals) (loads) (color?) (bench?) (profile) (pager) (emacsdir) (doomdir) (verbose?) (debug?) (force?))
* 0.262762:*:cli:execute: (doom doctor) nil
The doctor will see you now...

> Checking your Emacs version...
> Checking for Doom's prerequisites...
> Checking for Emacs config conflicts...
> Checking for great Emacs features...
! Emacs was not built with native compilation support
  Users will see a substantial performance gain by building Emacs with
  native compilation support, availible in emacs 28+.You must install a
  prebuilt Emacs binary with this included, or compile Emacs with the
  --with-native-compilation option.
> Checking for private config conflicts...
> Checking for stale elc files...
x There was an unexpected runtime error
  Message: File is missing
  Details: ("Opening directory" "No such file or directory" "/home/n/.emacs.d/.local/straight/build-28.1")
  Backtrace:
    (file-name-all-completions "" "/home/n/.emacs.d/.local/straight/build-28.1")
    (directory-files-recursively "/home/n/.emacs.d/.local/straight/build-28.1" "\\.elc$")
    (let ((--dolist-tail-- (directory-files-recursively dir "\\.elc$"))) (while --dolist-tail-- (let ((file (car --dolist-...
    (elc-check-dir "/home/n/.emacs.d/.local/straight/build-28.1")
    (let nil (doom-print (doom-print--format "The doctor will see you now...\n")) (doom-print (doom-print--format (doom-pr...
    ((closure (t) (cli alist) (let nil (doom-print (doom-print--format "The doctor will see you now...\n")) (doom-print (d...
    (funcall (closure (t) (cli alist) (let nil (doom-print (doom-print--format "The doctor will see you now...\n")) (doom-...
    (doom-cli-execute #s(doom-cli ("doom" "doctor") nil (("SUMMARY" . "Diagnoses common issues on your system.") ("MAIN" ....
    (let ((cli x16) (bindings x17)) (doom-cli-execute cli bindings))
    (let* ((x16 (car-safe x15)) (x17 (cdr-safe x15))) (let ((cli x16) (bindings x17)) (doom-cli-execute cli bindings)))
    (progn (ignore (consp x15)) (let* ((x16 (car-safe x15)) (x17 (cdr-safe x15))) (let ((cli x16) (bindings x17)) (doom-cl...
    (let ((x15 (car --dolist-tail--))) (progn (ignore (consp x15)) (let* ((x16 (car-safe x15)) (x17 (cdr-safe x15))) (let ...
* 0.391078:*:Finished (GCs: 0, elapsed: 0.000000s)
