* 0.251862:*:cli:run!: doom install
* 0.252093:*:cli:context-parse: found command (doom)
* 0.252747:*:cli:load: autoload /home/n/.emacs.d/lisp/cli/install.el
* 0.252868:*:cli:load: ~/.emacs.d/lisp/cli/install.el nil
* 0.253344:*:cli:load: ~/.emacs.d/lisp/cli/packages nil
* 0.321986:*:cli:context-parse: found command (doom install)
* 0.322796:*:cli:context-execute: doom install
* 0.323580:*:cli:execute: (:before) ((input) (context . #s(doom-cli-context (25619 6603 518167 981000) 12141 1 (126 . 38) nil nil doom nil nil (doom install) nil (install) ((--hooks) (--fonts) (--install) (--env) (--config) (--eval) (-E) (--strict-load) (--load) (-L) (--color) (--benchmark) (--profile) (--pager) (--emacsdir) (--doomdir) (--verbose) (-v) (--debug) (-D) (--force) (-!)) ((t) ((doom install)) ((doom) install))  *doom-cli stdin*  *doom-cli stdout*  *doom-cli stderr* nil)) (_) (evals) (loads) (color?) (bench?) (profile) (pager) (emacsdir) (doomdir) (verbose?) (debug?) (force?))
* 0.323724:*:cli:execute: (doom install) ((context . #s(doom-cli-context (25619 6603 518167 981000) 12141 1 (126 . 38) nil nil doom nil nil (doom install) nil (install) ((--hooks) (--fonts) (--install) (--env) (--config) (--eval) (-E) (--strict-load) (--load) (-L) (--color) (--benchmark) (--profile) (--pager) (--emacsdir) (--doomdir) (--verbose) (-v) (--debug) (-D) (--force) (-!)) ((t) ((doom install)) ((doom) install))  *doom-cli stdin*  *doom-cli stdout*  *doom-cli stderr* nil)) (hooks? . :yes) (fonts? . :yes) (install? . :yes) (envfile? . :yes) (config? . :yes))
Installing Doom Emacs!

- Skipping ~/.config/doom/ (already exists)
  - Skipping init.el (already exists)
  - Skipping config.el (already exists)
  - Skipping packages.el (already exists)
* 0.332002:*:cli:load: ~/.config/doom/init.el t
* 1.498676:*:cli:call: (doom install) -> (doom env)
* 1.499309:*:cli:context-parse: found command (doom)
* 1.500621:*:cli:load: autoload /home/n/.emacs.d/lisp/cli/env.el
* 1.500854:*:cli:load: ~/.emacs.d/lisp/cli/env.el nil
* 1.511792:*:cli:context-parse: found command (doom env)
* 1.512644:*:cli:context-execute: doom env
* 1.513548:*:cli:execute: (:before) ((input) (context . #s(doom-cli-context (25619 6603 518167 981000) 12141 1 (126 . 38) nil nil doom nil nil (doom env) nil (install) ((--deny) (-d) (--allow) (-a) (-o) (--deny-all) (--allow-all) (--hooks) (--fonts) (--install) (--env) (--config) (--eval) (-E) (--strict-load) (--load) (-L) (--color) (--benchmark) (--profile) (--pager) (--emacsdir) (--doomdir) (--verbose) (-v) (--debug) (-D) (--force) (-!)) ((t) ((doom env)) ((doom) env))  *doom-cli stdin*  *doom-cli stdout*  *doom-cli stderr* nil)) (_) (evals) (loads) (color?) (bench?) (profile) (pager) (emacsdir) (doomdir) (verbose?) (debug?) (force?))
* 1.513742:*:cli:execute: (doom env) ((rules) (output-file) (deny-only) (allow-only))
> Generating envvars file
  * 1.515291:*:cli:cli:env: deny I3SOCK
  * 1.515751:*:cli:cli:env: deny PWD
  * 1.515895:*:cli:cli:env: deny XDG_VTNR
  * 1.516052:*:cli:cli:env: deny GPG_AGENT_INFO
  * 1.516438:*:cli:cli:env: deny __DOOMSTEP
  * 1.517093:*:cli:cli:env: deny SSH_AUTH_SOCK
  * 1.517594:*:cli:cli:env: deny XAUTHORITY
  * 1.517951:*:cli:cli:env: deny XDG_CURRENT_DESKTOP
  * 1.518156:*:cli:cli:env: deny DISPLAY
  * 1.518404:*:cli:cli:env: deny XDG_RUNTIME_DIR
  * 1.519004:*:cli:cli:env: deny TERM
  * 1.519160:*:cli:cli:env: deny XDG_SESSION_CLASS
  * 1.519635:*:cli:cli:env: deny __DOOMPIPE
  * 1.519970:*:cli:cli:env: deny __DOOMPID
  * 1.520105:*:cli:cli:env: deny DBUS_SESSION_BUS_ADDRESS
  * 1.520396:*:cli:cli:env: deny XDG_SEAT_PATH
  * 1.520639:*:cli:cli:env: deny __DOOMGEOM
  * 1.520941:*:cli:cli:env: deny __DOOMGPIPE
  * 1.521198:*:cli:cli:env: deny OLDPWD
  * 1.521315:*:cli:cli:env: deny HOME
  * 1.521402:*:cli:cli:env: deny SHLVL
  * 1.521529:*:cli:cli:env: deny XDG_SESSION_TYPE
  * 1.521731:*:cli:cli:env: deny SSH_AGENT_PID
  * 1.521861:*:cli:cli:env: deny XDG_SEAT
  * 1.521969:*:cli:cli:env: deny USER
  ✓ Generated ~/.emacs.d/.local/env
Installing plugins
* 1.525458:*:cli:Initializing straight
* 1.525571::context: +packages (cli t)
* 1.525667::context:module: =[0 -110 -110 :core nil nil nil]
> Installing straight...
* 3.252722:*:cli:Initializing recipes
* 18.578341:*:cli:Installing core packages
* 18.578458:*:cli:Initializing package.el
* 18.637210:*:cli:Initializing straight.el
* 18.637758::context: +packages (cli t)
* 18.637846::context:module: =[1 105 -105 :user nil nil nil]
* 18.638297::context:module: =[2 -111 -111 :config use-package nil nil]
* 18.639779::context:module: =[0 -110 -110 :core nil nil nil]
* 18.663848::context:module: =[1 105 -105 :user nil nil nil]
* 18.664335::context:module: =[31 0 0 :completion company nil nil]
* 18.667477::context:module: =[31 0 0 :completion vertico nil nil]
* 18.678433::context:module: =[31 0 0 :ui doom nil nil]
* 18.680827::context:module: =[31 0 0 :ui doom-dashboard nil nil]
* 18.680932::context:module: =[31 0 0 :ui hl-todo nil nil]
* 18.682381::context:module: =[31 0 0 :ui modeline nil nil]
* 18.685762::context:module: =[31 0 0 :ui ophints nil nil]
* 18.687990::context:module: =[31 0 0 :ui popup (+defaults) nil]
* 18.688099::context:module: =[31 0 0 :ui vc-gutter (+pretty) nil]
* 18.690265::context:module: =[31 0 0 :ui vi-tilde-fringe nil nil]
* 18.691638::context:module: =[31 0 0 :ui workspaces nil nil]
* 18.693015::context:module: =[31 0 0 :editor evil (+everywhere) nil]
* 18.712322::context:module: =[31 0 0 :editor file-templates nil nil]
* 18.713693::context:module: =[31 0 0 :editor fold nil nil]
* 18.717942::context:module: =[31 0 0 :editor snippets nil nil]
* 18.721327::context:module: =[31 0 0 :emacs dired nil nil]
* 18.728216::context:module: =[31 0 0 :emacs electric nil nil]
* 18.728322::context:module: =[31 0 0 :emacs undo nil nil]
* 18.731434::context:module: =[31 0 0 :emacs vc nil nil]
* 18.738839::context:module: =[31 0 0 :checkers syntax nil nil]
* 18.742063::context:module: =[31 0 0 :tools eval (+overlay) nil]
* 18.744471::context:module: =[31 0 0 :tools lookup nil nil]
* 18.755822::context:module: =[31 0 0 :tools magit nil nil]
* 18.759868::context:module: =[31 0 0 :lang emacs-lisp nil nil]
* 18.769142::context:module: =[31 0 0 :lang markdown nil nil]
* 18.774427::context:module: =[31 0 0 :lang org nil nil]
* 18.817479::context:module: =[31 0 0 :lang sh nil nil]
* 18.820588::context:module: =[31 0 0 :config default (+bindings +smartparens) nil]
* 18.824747::context:module: =[1 105 -105 :user nil nil nil]
> Installing packages...
  > Updating recipe repos...
    > Updating recipes for melpa...
    > Updating recipes for nongnu-elpa...
    > Updating recipes for gnu-elpa-mirror...
    > Updating recipes for el-get...
    > Updating recipes for emacsmirror-mirror...
  > Cloning use-package...
  - Checked out use-package: 77945e002f11440eae72d8730d3de218163d551e
  > Building use-package...
  > Building use-package > Building bind-key...
    INFO     Scraping files for bind-key-autoloads.el... 
    INFO     Scraping files for bind-key-autoloads.el...done
  > Building use-package...
    INFO     Scraping files for use-package-autoloads.el... 
    INFO     Scraping files for use-package-autoloads.el...done
  > Cloning auto-minor-mode...
  - Checked out auto-minor-mode: 17cfa1b54800fdef2975c0c0531dad34846a5065
  > Building auto-minor-mode...
    INFO     Scraping files for auto-minor-mode-autoloads.el... 
    INFO     Scraping files for auto-minor-mode-autoloads.el...done
  > Cloning gcmh...
  - Checked out gcmh: 0089f9c3a6d4e9a310d0791cf6fa8f35642ecfd9
  > Building gcmh...
    INFO     Scraping files for gcmh-autoloads.el... 
    INFO     Scraping files for gcmh-autoloads.el...done
  > Cloning explain-pause-mode...
  - Checked out explain-pause-mode: 2356c8c3639cbeeb9751744dbe737267849b4b51
  > Building explain-pause-mode...
    INFO     Scraping files for explain-pause-mode-autoloads.el... 
    INFO     Scraping files for explain-pause-mode-autoloads.el...done
  > Building straight...
    INFO     Scraping files for straight-autoloads.el... 
    INFO     Scraping files for straight-autoloads.el...done
  > Cloning all-the-icons.el...
  > Building all-the-icons...
    INFO     Scraping files for all-the-icons-autoloads.el... 
    INFO     Scraping files for all-the-icons-autoloads.el...done
  > Cloning emacs-hide-mode-line...
  > Building hide-mode-line...
    INFO     Scraping files for hide-mode-line-autoloads.el... 
    INFO     Scraping files for hide-mode-line-autoloads.el...done
  > Cloning highlight-numbers...
  - Checked out highlight-numbers: 8b4744c7f46c72b1d3d599d4fb75ef8183dee307
  > Building highlight-numbers...
  > Building highlight-numbers > Cloning parent-mode...
  > Building highlight-numbers > Building parent-mode...
    INFO     Scraping files for parent-mode-autoloads.el... 
    INFO     Scraping files for parent-mode-autoloads.el...done
  > Building highlight-numbers...
    INFO     Scraping files for highlight-numbers-autoloads.el... 
    INFO     Scraping files for highlight-numbers-autoloads.el...done
  > Cloning rainbow-delimiters...
  - Checked out rainbow-delimiters: a32b39bdfe6c61c322c37226d66e1b6d4f107ed0
  > Building rainbow-delimiters...
    INFO     Scraping files for rainbow-delimiters-autoloads.el... 
    INFO     Scraping files for rainbow-delimiters-autoloads.el...done
  > Cloning restart-emacs...
  - Checked out restart-emacs: 1607da2bc657fe05ae01f7fdf26f716eafead02c
  > Building restart-emacs...
    INFO     Scraping files for restart-emacs-autoloads.el... 
    INFO     Scraping files for restart-emacs-autoloads.el...done
  > Cloning better-jumper...
  - Checked out better-jumper: 47622213783ece37d5337dc28d33b530540fc319
  > Building better-jumper...
    INFO     Scraping files for better-jumper-autoloads.el... 
    INFO     Scraping files for better-jumper-autoloads.el...done
  > Cloning dtrt-indent...
  - Checked out dtrt-indent: d4fd1b4977eb0d534844fddf01c3c51c70c57205
  > Building dtrt-indent...
    INFO     Scraping files for dtrt-indent-autoloads.el... 
    INFO     Scraping files for dtrt-indent-autoloads.el...done
  > Cloning helpful...
  - Checked out helpful: 94c25337b2de2f9da60914a7c0c6cca9584c0231
  > Building helpful...
  > Building helpful > Cloning dash.el...
  > Building helpful > Building dash...
    INFO     Scraping files for dash-autoloads.el... 
    INFO     Scraping files for dash-autoloads.el...done
  > Building helpful > Cloning s.el...
  > Building helpful > Building s...
    INFO     Scraping files for s-autoloads.el... 
    INFO     Scraping files for s-autoloads.el...done
  > Building helpful > Cloning f.el...
  > Building helpful > Building f...
    INFO     Scraping files for f-autoloads.el... 
    INFO     Scraping files for f-autoloads.el...done
  > Building helpful > Cloning elisp-refs...
  > Building helpful > Building elisp-refs...
    INFO     Scraping files for elisp-refs-autoloads.el... 
    INFO     Scraping files for elisp-refs-autoloads.el...done
  > Building helpful...
    INFO     Scraping files for helpful-autoloads.el... 
    INFO     Scraping files for helpful-autoloads.el...done
  > Cloning pcre2el...
  - Checked out pcre2el: 38c6f80c787da547287db96b495e5b695ca0b4b8
  > Building pcre2el...
    INFO     Scraping files for pcre2el-autoloads.el... 
    INFO     Scraping files for pcre2el-autoloads.el...done
  > Cloning smartparens...
  - Checked out smartparens: 7afd647395018a26633673ed92ce7a9cb3ccb8f2
  > Building smartparens...
    INFO     Scraping files for smartparens-autoloads.el... 
    INFO     Scraping files for smartparens-autoloads.el...done
  > Cloning ws-butler...
  - Checked out ws-butler: 572a10c11b6cb88293de48acbb59a059d36f9ba5
  > Building ws-butler...
    INFO     Scraping files for ws-butler-autoloads.el... 
    INFO     Scraping files for ws-butler-autoloads.el...done
  > Cloning projectile...
  - Checked out projectile: e18ad4d6111eb9e975ccce028baf5e4bb786bfcf
  > Building projectile...
    INFO     Scraping files for projectile-autoloads.el... 
    INFO     Scraping files for projectile-autoloads.el...done
  > Cloning project...
  - Checked out project: e086bdc7c515f8bfc22598d473ba888ba7683f0c
  > Building project...
  > Building project > Cloning xref...
  > Building project > Building xref...
    INFO     Scraping files for xref-autoloads.el... 
    INFO     Scraping files for xref-autoloads.el...done
  > Building project...
    INFO     Scraping files for project-autoloads.el... 
    INFO     Scraping files for project-autoloads.el...done
  > Cloning general.el...
  > Building general...
    INFO     Scraping files for general-autoloads.el... 
    INFO     Scraping files for general-autoloads.el...done
  > Cloning emacs-which-key...
  > Building which-key...
    INFO     Scraping files for which-key-autoloads.el... 
    INFO     Scraping files for which-key-autoloads.el...done
  > Cloning compat...
  - Checked out compat: 38280a7b54a6220377835391ead8af6fa4839117
  > Building compat...
    INFO     Scraping files for compat-autoloads.el... 
    INFO     Scraping files for compat-autoloads.el...done
  > Cloning company-mode (for company)...
  > Building company...
    INFO     Scraping files for company-autoloads.el... 
    INFO     Scraping files for company-autoloads.el...done
  > Cloning emacs-company-dict...
  > Building company-dict...
    INFO     Scraping files for company-dict-autoloads.el... 
    INFO     Scraping files for company-dict-autoloads.el...done
  > Cloning vertico...
  - Checked out vertico: 6f22ff129886a6b9292212f9897c65f919340aca
  > Building vertico...
    INFO     Scraping files for vertico-autoloads.el... 
    INFO     Scraping files for vertico-autoloads.el...done
  > Cloning orderless...
  - Checked out orderless: d09aab37951b25627b96660f429eaec969d16d8a
  > Building orderless...
    INFO     Scraping files for orderless-autoloads.el... 
    INFO     Scraping files for orderless-autoloads.el...done
  > Cloning consult...
  - Checked out consult: ffaaf6da909dc9ff766e5a5f16eb265635aa6149
  > Building consult...
    INFO     Scraping files for consult-autoloads.el... 
    INFO     Scraping files for consult-autoloads.el...done
  > Cloning consult-dir...
  - Checked out consult-dir: ed8f0874d26f10f5c5b181ab9f2cf4107df8a0eb
  > Building consult-dir...
    INFO     Scraping files for consult-dir-autoloads.el... 
    INFO     Scraping files for consult-dir-autoloads.el...done
  > Cloning consult-flycheck...
  - Checked out consult-flycheck: c371996c571b7139ef4d9a8db142bf37a7ee826b
  > Building consult-flycheck...
  > Building consult-flycheck > Cloning flycheck...
  - Checked out flycheck: 784f184cdd9f9cb4e3dbb997c09d93e954142842
  > Building consult-flycheck > Building flycheck...
  > Building consult-flycheck > Building flycheck > Cloning pkg-info...
  > Building consult-flycheck > Building flycheck > Building pkg-info...
  > Building consult-flycheck > Building flycheck > Building pkg-info > Cloning epl...
  > Building consult-flycheck > Building flycheck > Building pkg-info > Building epl...
    INFO     Scraping files for epl-autoloads.el... 
    INFO     Scraping files for epl-autoloads.el...done
  > Building consult-flycheck > Building flycheck > Building pkg-info...
    INFO     Scraping files for pkg-info-autoloads.el... 
    INFO     Scraping files for pkg-info-autoloads.el...done
  > Building consult-flycheck > Building flycheck...
    INFO     Scraping files for flycheck-autoloads.el... 
    INFO     Scraping files for flycheck-autoloads.el...done
  > Building consult-flycheck...
    INFO     Scraping files for consult-flycheck-autoloads.el... 
    INFO     Scraping files for consult-flycheck-autoloads.el...done
  > Cloning embark...
  - Checked out embark: 5497a19eef92e4b82e2dcbcd26eb671227240c45
  > Building embark...
    INFO     Scraping files for embark-autoloads.el... 
    INFO     Scraping files for embark-autoloads.el...done
  > Building embark-consult...
    INFO     Scraping files for embark-consult-autoloads.el... 
    INFO     Scraping files for embark-consult-autoloads.el...done
  > Cloning marginalia...
  - Checked out marginalia: ccf573e2145d9deb9d734432351eefc87fc1bc16
  > Building marginalia...
    INFO     Scraping files for marginalia-autoloads.el... 
    INFO     Scraping files for marginalia-autoloads.el...done
  > Cloning Emacs-wgrep (for wgrep)...
  > Building wgrep...
    INFO     Scraping files for wgrep-autoloads.el... 
    INFO     Scraping files for wgrep-autoloads.el...done
  > Cloning themes (for doom-themes)...
  > Building doom-themes...
    INFO     Scraping files for doom-themes-autoloads.el... 
    INFO     Scraping files for doom-themes-autoloads.el...done
  > Cloning emacs-solaire-mode...
  > Building solaire-mode...
    INFO     Scraping files for solaire-mode-autoloads.el... 
    INFO     Scraping files for solaire-mode-autoloads.el...done
  > Cloning hl-todo...
  - Checked out hl-todo: a627d33214e60fc5a2fe6164411d908e1afdba59
  > Building hl-todo...
    INFO     Scraping files for hl-todo-autoloads.el... 
    INFO     Scraping files for hl-todo-autoloads.el...done
  > Cloning doom-modeline...
  - Checked out doom-modeline: 6125309c2caa3c98591a4c802e9b4dd2f7ea83e9
  > Building doom-modeline...
  > Building doom-modeline > Cloning shrink-path.el...
  > Building doom-modeline > Building shrink-path...
    INFO     Scraping files for shrink-path-autoloads.el... 
    INFO     Scraping files for shrink-path-autoloads.el...done
  > Building doom-modeline...
    INFO     Scraping files for doom-modeline-autoloads.el... 
    INFO     Scraping files for doom-modeline-autoloads.el...done
  > Cloning anzu...
  - Checked out anzu: 5abb37455ea44fa401d5f4c1bdc58adb2448db67
  > Building anzu...
    INFO     Scraping files for anzu-autoloads.el... 
    INFO     Scraping files for anzu-autoloads.el...done
  > Cloning evil-anzu...
  - Checked out evil-anzu: d1e98ee6976437164627542909a25c6946497899
  > Building evil-anzu...
  > Building evil-anzu > Cloning evil...
  - Checked out evil: 2ce03d412c4e93b0b89eb43d796c991806415b8a
  > Building evil-anzu > Building evil...
  > Building evil-anzu > Building evil > Cloning goto-chg...
  > Building evil-anzu > Building evil > Building goto-chg...
    INFO     Scraping files for goto-chg-autoloads.el... 
    INFO     Scraping files for goto-chg-autoloads.el...done
  > Building evil-anzu > Building evil...
    INFO     Scraping files for evil-autoloads.el... 
    INFO     Scraping files for evil-autoloads.el...done
  > Building evil-anzu...
    INFO     Scraping files for evil-anzu-autoloads.el... 
    INFO     Scraping files for evil-anzu-autoloads.el...done
  > Cloning evil-goggles...
  - Checked out evil-goggles: 8f20a16e74016f37ad76dc4f2230d9b00c6df3c2
  > Building evil-goggles...
    INFO     Scraping files for evil-goggles-autoloads.el... 
    INFO     Scraping files for evil-goggles-autoloads.el...done
  > Cloning git-gutter-fringe...
  - Checked out git-gutter-fringe: 648cb5b57faec55711803cdc9434e55a733c3eba
  > Building git-gutter-fringe...
  > Building git-gutter-fringe > Cloning git-gutter...
  > Building git-gutter-fringe > Building git-gutter...
    INFO     Scraping files for git-gutter-autoloads.el... 
    INFO     Scraping files for git-gutter-autoloads.el...done
  > Building git-gutter-fringe > Cloning fringe-helper.el...
  > Building git-gutter-fringe > Building fringe-helper...
    INFO     Scraping files for fringe-helper-autoloads.el... 
    INFO     Scraping files for fringe-helper-autoloads.el...done
  > Building git-gutter-fringe...
    INFO     Scraping files for git-gutter-fringe-autoloads.el... 
    INFO     Scraping files for git-gutter-fringe-autoloads.el...done
  > Cloning vi-tilde-fringe...
  - Checked out vi-tilde-fringe: f1597a8d54535bb1d84b442577b2024e6f910308
  > Building vi-tilde-fringe...
    INFO     Scraping files for vi-tilde-fringe-autoloads.el... 
    INFO     Scraping files for vi-tilde-fringe-autoloads.el...done
  > Cloning persp-mode.el...
  > Building persp-mode...
    INFO     Scraping files for persp-mode-autoloads.el... 
    INFO     Scraping files for persp-mode-autoloads.el...done
  > Cloning evil-args...
  - Checked out evil-args: 2671071a4a57eaee7cc8c27b9e4b6fc60fd2ccd3
  > Building evil-args...
    INFO     Scraping files for evil-args-autoloads.el... 
    INFO     Scraping files for evil-args-autoloads.el...done
  > Cloning evil-easymotion...
  - Checked out evil-easymotion: f96c2ed38ddc07908db7c3c11bcd6285a3e8c2e9
  > Building evil-easymotion...
  > Building evil-easymotion > Cloning avy...
  - Checked out avy: 955c8dedd68c74f3cf692c1249513f048518c4c9
  > Building evil-easymotion > Building avy...
    INFO     Scraping files for avy-autoloads.el... 
    INFO     Scraping files for avy-autoloads.el...done
  > Building evil-easymotion...
    INFO     Scraping files for evil-easymotion-autoloads.el... 
    INFO     Scraping files for evil-easymotion-autoloads.el...done
  > Cloning evil-embrace.el...
  > Building evil-embrace...
  > Building evil-embrace > Cloning embrace.el...
  > Building evil-embrace > Building embrace...
  > Building evil-embrace > Building embrace > Cloning expand-region.el...
  > Building evil-embrace > Building embrace > Building expand-region...
    INFO     Scraping files for expand-region-autoloads.el... 
    INFO     Scraping files for expand-region-autoloads.el...done
  > Building evil-embrace > Building embrace...
    INFO     Scraping files for embrace-autoloads.el... 
    INFO     Scraping files for embrace-autoloads.el...done
  > Building evil-embrace > Cloning evil-surround...
  - Checked out evil-surround: f273821f575ace519066fb106ee45a5b8577475f
  > Building evil-embrace > Building evil-surround...
    INFO     Scraping files for evil-surround-autoloads.el... 
    INFO     Scraping files for evil-surround-autoloads.el...done
  > Building evil-embrace...
    INFO     Scraping files for evil-embrace-autoloads.el... 
    INFO     Scraping files for evil-embrace-autoloads.el...done
  > Cloning evil-escape...
  - Checked out evil-escape: 819f1ee1cf3f69a1ae920e6004f2c0baeebbe077
  > Building evil-escape...
    INFO     Scraping files for evil-escape-autoloads.el... 
    INFO     Scraping files for evil-escape-autoloads.el...done
  > Cloning evil-exchange...
  - Checked out evil-exchange: 5f0a2d41434c17c6fb02e4f744043775de1c63a2
  > Building evil-exchange...
    INFO     Scraping files for evil-exchange-autoloads.el... 
    INFO     Scraping files for evil-exchange-autoloads.el...done
  > Cloning evil-indent-plus...
  - Checked out evil-indent-plus: b4dacbfdb57f474f798bfbf5026d434d549eb65c
  > Building evil-indent-plus...
    INFO     Scraping files for evil-indent-plus-autoloads.el... 
    INFO     Scraping files for evil-indent-plus-autoloads.el...done
  > Cloning evil-lion...
  - Checked out evil-lion: a55eb647422342f6b1cf867f797b060b3645d9d8
  > Building evil-lion...
    INFO     Scraping files for evil-lion-autoloads.el... 
    INFO     Scraping files for evil-lion-autoloads.el...done
  > Cloning evil-nerd-commenter...
  - Checked out evil-nerd-commenter: 8c0f23d46a3927b9f83c1c2c4590be53d0b740db
  > Building evil-nerd-commenter...
    INFO     Scraping files for evil-nerd-commenter-autoloads.el... 
    INFO     Scraping files for evil-nerd-commenter-autoloads.el...done
  > Cloning evil-numbers...
  - Checked out evil-numbers: 7a1b62afc12da2b582bf84d722e7b10ca8b97065
  > Building evil-numbers...
    INFO     Scraping files for evil-numbers-autoloads.el... 
    INFO     Scraping files for evil-numbers-autoloads.el...done
  > Cloning evil-snipe...
  - Checked out evil-snipe: c07788c35cf8cd8e652a494322fdc0643e30a89f
  > Building evil-snipe...
    INFO     Scraping files for evil-snipe-autoloads.el... 
    INFO     Scraping files for evil-snipe-autoloads.el...done
  > Cloning evil-textobj-anyblock...
  - Checked out evil-textobj-anyblock: 29280cd71a05429364cdceef2ff595ae8afade4d
  > Building evil-textobj-anyblock...
    INFO     Scraping files for evil-textobj-anyblock-autoloads.el... 
    INFO     Scraping files for evil-textobj-anyblock-autoloads.el...done
  > Cloning evil-traces...
  - Checked out evil-traces: 290b5323542c46af364ec485c8ec9000040acf90
  > Building evil-traces...
    INFO     Scraping files for evil-traces-autoloads.el... 
    INFO     Scraping files for evil-traces-autoloads.el...done
  > Cloning evil-visualstar...
  - Checked out evil-visualstar: 06c053d8f7381f91c53311b1234872ca96ced752
  > Building evil-visualstar...
    INFO     Scraping files for evil-visualstar-autoloads.el... 
    INFO     Scraping files for evil-visualstar-autoloads.el...done
  > Cloning exato...
  - Checked out exato: aee7af7b7a0e7551478f453d1de7d5b9cb2e06c4
  > Building exato...
    INFO     Scraping files for exato-autoloads.el... 
    INFO     Scraping files for exato-autoloads.el...done
  > Cloning evil-quick-diff...
  - Checked out evil-quick-diff: 69c883720b30a892c63bc89f49d4f0e8b8028908
  > Building evil-quick-diff...
    INFO     Scraping files for evil-quick-diff-autoloads.el... 
    INFO     Scraping files for evil-quick-diff-autoloads.el...done
  > Cloning evil-collection...
  - Checked out evil-collection: aaf3e0038e9255659fe0455729239c08498c4c0b
  > Building evil-collection...
  > Building evil-collection > Cloning annalist.el...
  > Building evil-collection > Building annalist...
    INFO     Scraping files for annalist-autoloads.el... 
    INFO     Scraping files for annalist-autoloads.el...done
  > Building evil-collection...
    INFO     Scraping files for evil-collection-autoloads.el... 
    INFO     Scraping files for evil-collection-autoloads.el...done
  > Cloning yasnippet...
  - Checked out yasnippet: 5cbdbf0d2015540c59ed8ee0fcf4788effdf75b6
  > Building yasnippet...
    INFO     Scraping files for yasnippet-autoloads.el... 
    INFO     Scraping files for yasnippet-autoloads.el...done
  > Cloning vimish-fold...
  - Checked out vimish-fold: a6501cbfe3db791f9ca17fd986c7202a87f3adb8
  > Building vimish-fold...
    INFO     Scraping files for vimish-fold-autoloads.el... 
    INFO     Scraping files for vimish-fold-autoloads.el...done
  > Cloning evil-vimish-fold...
  - Checked out evil-vimish-fold: b6e0e6b91b8cd047e80debef1a536d9d49eef31a
  > Building evil-vimish-fold...
    INFO     Scraping files for evil-vimish-fold-autoloads.el... 
    INFO     Scraping files for evil-vimish-fold-autoloads.el...done
  > Cloning auto-yasnippet...
  - Checked out auto-yasnippet: 6a9e406d0d7f9dfd6dff7647f358cb05a0b1637e
  > Building auto-yasnippet...
    INFO     Scraping files for auto-yasnippet-autoloads.el... 
    INFO     Scraping files for auto-yasnippet-autoloads.el...done
  > Cloning snippets (for doom-snippets)...
  > Building doom-snippets...
    INFO     Scraping files for doom-snippets-autoloads.el... 
    INFO     Scraping files for doom-snippets-autoloads.el...done
  > Cloning diredfl...
  - Checked out diredfl: f9140b2c42151dca669003d685c9f079b2e3dc37
  > Building diredfl...
    INFO     Scraping files for diredfl-autoloads.el... 
    INFO     Scraping files for diredfl-autoloads.el...done
  > Cloning dired-git-info...
  - Checked out dired-git-info: 9461476a28a5fec0784260f6e318237c662c3430
  > Building dired-git-info...
    INFO     Scraping files for dired-git-info-autoloads.el... 
    INFO     Scraping files for dired-git-info-autoloads.el...done
  > Cloning dired-rsync...
  - Checked out dired-rsync: 7940d9154d0a908693999b0e1ea351a6d365c93d
  > Building dired-rsync...
    INFO     Scraping files for dired-rsync-autoloads.el... 
    INFO     Scraping files for dired-rsync-autoloads.el...done
  > Cloning fd-dired...
  - Checked out fd-dired: 458464771bb220b6eb87ccfd4c985c436e57dc7e
  > Building fd-dired...
    INFO     Scraping files for fd-dired-autoloads.el... 
    INFO     Scraping files for fd-dired-autoloads.el...done
  > Cloning emacs-undo-fu...
  > Building undo-fu...
    INFO     Scraping files for undo-fu-autoloads.el... 
    INFO     Scraping files for undo-fu-autoloads.el...done
  > Cloning emacs-undo-fu-session...
  > Building undo-fu-session...
    INFO     Scraping files for undo-fu-session-autoloads.el... 
    INFO     Scraping files for undo-fu-session-autoloads.el...done
  > Cloning browse-at-remote...
  - Checked out browse-at-remote: c020975a891438e278ad1855213d4f3d62c9fccb
  > Building browse-at-remote...
    INFO     Scraping files for browse-at-remote-autoloads.el... 
    INFO     Scraping files for browse-at-remote-autoloads.el...done
  > Cloning magit (for git-commit)...
  > Building git-commit...
  > Building git-commit > Cloning transient...
  > Building git-commit > Building transient...
    INFO     Scraping files for transient-autoloads.el... 
    INFO     Scraping files for transient-autoloads.el...done
  > Building git-commit > Cloning with-editor...
  > Building git-commit > Building with-editor...
    INFO     Scraping files for with-editor-autoloads.el... 
    INFO     Scraping files for with-editor-autoloads.el...done
  > Building git-commit...
    INFO     Scraping files for git-commit-autoloads.el... 
    INFO     Scraping files for git-commit-autoloads.el...done
  > Cloning git-timemachine...
  - Checked out git-timemachine: d8ffd0d7cc4ab3dd7de494c9ea36dfd99e2744fa
  > Building git-timemachine...
    INFO     Scraping files for git-timemachine-autoloads.el... 
    INFO     Scraping files for git-timemachine-autoloads.el...done
  > Cloning git-modes...
  - Checked out git-modes: f0a0154bf48dd1c0c587596cf4cfd3c90f673a05
  > Building git-modes...
    INFO     Scraping files for git-modes-autoloads.el... 
    INFO     Scraping files for git-modes-autoloads.el...done
  > Cloning flycheck-popup-tip...
  - Checked out flycheck-popup-tip: ef86aad907f27ca076859d8d9416f4f7727619c6
  > Building flycheck-popup-tip...
  > Building flycheck-popup-tip > Cloning popup-el (for popup)...
  > Building flycheck-popup-tip > Building popup...
    INFO     Scraping files for popup-autoloads.el... 
    INFO     Scraping files for popup-autoloads.el...done
  > Building flycheck-popup-tip...
    INFO     Scraping files for flycheck-popup-tip-autoloads.el... 
    INFO     Scraping files for flycheck-popup-tip-autoloads.el...done
  > Cloning quickrun...
  - Checked out quickrun: 7a89313c07a21eae9cd69a1a98e2a134d559e04f
  > Building quickrun...
  > Building quickrun > Cloning ht.el...
  > Building quickrun > Building ht...
    INFO     Scraping files for ht-autoloads.el... 
    INFO     Scraping files for ht-autoloads.el...done
  > Building quickrun...
    INFO     Scraping files for quickrun-autoloads.el... 
    INFO     Scraping files for quickrun-autoloads.el...done
  > Cloning eros...
  - Checked out eros: dd8910279226259e100dab798b073a52f9b4233a
  > Building eros...
    INFO     Scraping files for eros-autoloads.el... 
    INFO     Scraping files for eros-autoloads.el...done
  > Cloning dumb-jump...
  - Checked out dumb-jump: 0a783d1db610ff1dc4e1b7869589cff16ff92f7a
  > Building dumb-jump...
    INFO     Scraping files for dumb-jump-autoloads.el... 
    INFO     Scraping files for dumb-jump-autoloads.el...done
  > Cloning emacs-request...
  > Building request...
    INFO     Scraping files for request-autoloads.el... 
    INFO     Scraping files for request-autoloads.el...done
  - Checked out magit: 97a95f70079b6613bf98d2306279d3e03fe51234
  > Building magit...
  > Building magit > Building magit-section...
    INFO     Scraping files for magit-section-autoloads.el... 
    INFO     Scraping files for magit-section-autoloads.el...done
  > Building magit...
    INFO     Scraping files for magit-autoloads.el... 
    INFO     Scraping files for magit-autoloads.el...done
  > Cloning magit-todos...
  - Checked out magit-todos: c6f3fd03aa5b750636c2647253f21cc03329566c
  > Building magit-todos...
  > Building magit-todos > Cloning emacs-async...
  > Building magit-todos > Building async...
    INFO     Scraping files for async-autoloads.el... 
    INFO     Scraping files for async-autoloads.el...done
  > Building magit-todos...
    INFO     Scraping files for magit-todos-autoloads.el... 
    INFO     Scraping files for magit-todos-autoloads.el...done
  > Cloning highlight-quoted...
  - Checked out highlight-quoted: 24103478158cd19fbcfb4339a3f1fa1f054f1469
  > Building highlight-quoted...
    INFO     Scraping files for highlight-quoted-autoloads.el... 
    INFO     Scraping files for highlight-quoted-autoloads.el...done
  > Cloning macrostep...
  - Checked out macrostep: 75ecd041219239f0dceab4883594ea2fe366b484
  > Building macrostep...
    INFO     Scraping files for macrostep-autoloads.el... 
    INFO     Scraping files for macrostep-autoloads.el...done
  > Cloning overseer.el...
  > Building overseer...
    INFO     Scraping files for overseer-autoloads.el... 
  overseer: Warning: Use keywords rather than deprecated positional arguments to `define-minor-mode'
    INFO     Scraping files for overseer-autoloads.el...done
  > Cloning elisp-def...
  - Checked out elisp-def: 1d2e88a232ec16bce036b49577c4d4d96035f9f7
  > Building elisp-def...
    INFO     Scraping files for elisp-def-autoloads.el... 
    INFO     Scraping files for elisp-def-autoloads.el...done
  > Cloning elisp-demos...
  - Checked out elisp-demos: 792be709c82101aea0585ece7429e2fdded74494
  > Building elisp-demos...
    INFO     Scraping files for elisp-demos-autoloads.el... 
    INFO     Scraping files for elisp-demos-autoloads.el...done
  > Cloning flycheck-package...
  - Checked out flycheck-package: 3a6aaed29ff61418c48c0251e1432c30748ae739
  > Building flycheck-package...
  > Building flycheck-package > Cloning package-lint...
  > Building flycheck-package > Building package-lint...
    INFO     Scraping files for package-lint-autoloads.el... 
    INFO     Scraping files for package-lint-autoloads.el...done
  > Building flycheck-package...
    INFO     Scraping files for flycheck-package-autoloads.el... 
    INFO     Scraping files for flycheck-package-autoloads.el...done
  > Cloning flycheck-cask...
  - Checked out flycheck-cask: 4b2ede6362ded4a45678dfbef1876faa42edbd58
  > Building flycheck-cask...
    INFO     Scraping files for flycheck-cask-autoloads.el... 
    INFO     Scraping files for flycheck-cask-autoloads.el...done
  > Cloning emacs-buttercup...
  > Building buttercup...
    INFO     Scraping files for buttercup-autoloads.el... 
    INFO     Scraping files for buttercup-autoloads.el...done
  > Cloning markdown-mode...
  - Checked out markdown-mode: c765b73b370f0fcaaa3cee28b2be69652e2d2c39
  > Building markdown-mode...
    INFO     Scraping files for markdown-mode-autoloads.el... 
    INFO     Scraping files for markdown-mode-autoloads.el...done
  > Cloning markdown-toc...
  - Checked out markdown-toc: 3d724e518a897343b5ede0b976d6fb46c46bcc01
  > Building markdown-toc...
    INFO     Scraping files for markdown-toc-autoloads.el... 
    INFO     Scraping files for markdown-toc-autoloads.el...done
  > Cloning edit-indirect...
  - Checked out edit-indirect: f80f63822ffae78de38dbe72cacaeb1aaa96c732
  > Building edit-indirect...
    INFO     Scraping files for edit-indirect-autoloads.el... 
    INFO     Scraping files for edit-indirect-autoloads.el...done
  > Cloning evil-markdown...
  - Checked out evil-markdown: 8e6cc68af83914b2fa9fd3a3b8472573dbcef477
  > Building evil-markdown...
    INFO     Scraping files for evil-markdown-autoloads.el... 
    INFO     Scraping files for evil-markdown-autoloads.el...done
  > Cloning org...
  - Checked out org: fe92a3cedba541482d5954eacb2b13e6f57a39c4
  > Building org...
    INFO     Scraping files for org-autoloads.el... 
    INFO     Scraping files for org-autoloads.el...56% 
    INFO     Scraping files for org-autoloads.el...79% 
    INFO     Scraping files for org-autoloads.el...95% 
    INFO     Scraping files for org-autoloads.el...done
  > Cloning org-contrib...
  - Checked out org-contrib: fff6c888065588527b1c1d7dd7e41c29ef767e17
  > Building org-contrib...
    INFO     Scraping files for org-contrib-autoloads.el... 
    INFO     Scraping files for org-contrib-autoloads.el...done
  > Cloning emacs-htmlize...
  > Building htmlize...
    INFO     Scraping files for htmlize-autoloads.el... 
    INFO     Scraping files for htmlize-autoloads.el...done
  > Cloning org-yt...
  - Checked out org-yt: 40cc1ac76d741055cbefa13860d9f070a7ade001
  > Building org-yt...
    INFO     Scraping files for org-yt-autoloads.el... 
    INFO     Scraping files for org-yt-autoloads.el...done
  > Cloning ox-clip...
  - Checked out ox-clip: ff117cf3c619eef12eccc0ccbfa3f11adb73ea68
  > Building ox-clip...
    INFO     Scraping files for ox-clip-autoloads.el... 
    INFO     Scraping files for ox-clip-autoloads.el...done
  > Cloning toc-org...
  - Checked out toc-org: bf2e4b358efbd860ecafe6e74776de0885d9d100
  > Building toc-org...
    INFO     Scraping files for toc-org-autoloads.el... 
    INFO     Scraping files for toc-org-autoloads.el...done
  > Cloning org-cliplink...
  - Checked out org-cliplink: 13e0940b65d22bec34e2de4bc8cba1412a7abfbc
  > Building org-cliplink...
    INFO     Scraping files for org-cliplink-autoloads.el... 
    INFO     Scraping files for org-cliplink-autoloads.el...done
  > Cloning evil-org-mode (for evil-org)...
  > Building evil-org...
    INFO     Scraping files for evil-org-autoloads.el... 
    INFO     Scraping files for evil-org-autoloads.el...done
  > Cloning orgit...
  - Checked out orgit: fc40397f7b36fa513d41f3119b7430cb236de9dd
  > Building orgit...
    INFO     Scraping files for orgit-autoloads.el... 
    INFO     Scraping files for orgit-autoloads.el...done
  > Cloning ob-async...
  - Checked out ob-async: 9aac486073f5c356ada20e716571be33a350a982
  > Building ob-async...
    INFO     Scraping files for ob-async-autoloads.el... 
    INFO     Scraping files for ob-async-autoloads.el...done
  > Cloning company-shell...
  - Checked out company-shell: 5f959a63a6e66eb0cbdac3168cad523a62cc2ccd
  > Building company-shell...
    INFO     Scraping files for company-shell-autoloads.el... 
    INFO     Scraping files for company-shell-autoloads.el...done
  > Cloning drag-stuff.el...
  > Building drag-stuff...
    INFO     Scraping files for drag-stuff-autoloads.el... 
    INFO     Scraping files for drag-stuff-autoloads.el...done
  > Cloning link-hint.el...
  > Building link-hint...
    INFO     Scraping files for link-hint-autoloads.el... 
    INFO     Scraping files for link-hint-autoloads.el...done
  ✓ Installed 132 packages
Regenerating autoloads files
> (Re)building profile in /home/n/.emacs.d/.local/etc/...
  > Deleting old init files...
  > Generating 4 init files...
  > Byte-compiling ~/.emacs.d/.local/etc/@init.28.el...
  ✓ Built init.28.elc
Deploying commit-msg and pre-push git hooks
  * 456.870197:*:cli:call: (doom env) -> (doom ci deploy-hooks)
  * 456.870452:*:cli:context-parse: found command (doom)
  * 456.870991:*:cli:load: autoload /home/n/.emacs.d/lisp/cli/ci.el
  * 456.871092:*:cli:load: ~/.emacs.d/lisp/cli/ci.el nil
  * 456.891959:*:cli:context-parse: found command (doom ci)
  * 456.892642:*:cli:context-parse: found command (doom ci deploy-hooks)
  * 456.893379:*:cli:context-execute: doom ci deploy-hooks
  * 456.894317:*:cli:execute: (:before) ((input) (context . #s(doom-cli-context (25619 6603 518167 981000) 12141 1 (126 . 38) nil nil doom nil nil (doom ci deploy-hooks) nil (install) ((--deny) (-d) (--allow) (-a) (-o) (--deny-all) (--allow-all) (--hooks) (--fonts) (--install) (--env) (--config) (--eval) (-E) (--strict-load) (--load) (-L) (--color) (--benchmark) (--profile) (--pager) (--emacsdir) (--doomdir) (--verbose) (-v) (--debug) (-D) (--force) (-!)) ((t) ((doom ci deploy-hooks)) ((doom ci) deploy-hooks) ((doom) ci deploy-hooks))  *doom-cli stdin*  *doom-cli stdout*  *doom-cli stderr* nil)) (_) (evals) (loads) (color?) (bench?) (profile) (pager) (emacsdir) (doomdir) (verbose?) (debug?) (force?))
  * 456.894499:*:cli:execute: (doom ci deploy-hooks) ((force))
  ! Cannot locate a git repo in ./
Contacting host: raw.githubusercontent.com:443
Contacting host: raw.githubusercontent.com:443
Contacting host: raw.githubusercontent.com:443
Contacting host: raw.githubusercontent.com:443
Contacting host: raw.githubusercontent.com:443
Fonts downloaded, updating font cache... <fc-cache -f -v> 
 Successfully installed `all-the-icons' fonts to `/home/n/.local/share/fonts/'!
✓  Finished! Doom is ready to go!

But before you doom yourself, here are some things you should know:

1. Don't forget to run 'doom sync', then restart Emacs, after modifying
   ~/.doom.d/init.el or ~/.doom.d/packages.el.

   This command ensures needed packages are installed, orphaned packages are
   removed, and your autoloads/cache files are up to date. When in doubt, run
   'doom sync'!

2. If something goes wrong, run `doom doctor`. It diagnoses common issues with
   your environment and setup, and may offer clues about what is wrong.

3. Use 'doom upgrade' to update Doom. Doing it any other way will require
   additional steps. Run 'doom help upgrade' to understand those extra steps.

4. Access Doom's documentation from within Emacs via 'SPC h d h' or 'C-h d h'
   (or 'M-x doom/help')

Have fun!

* 4215.473016:*:cli:Finished (GCs: 1, elapsed: 1.321696s)
* 4215.473016:*:cli:Finished (GCs: 1, elapsed: 1.321696s)
✓ Finished in 1h 10m 15s
