* 0.259806:*:cli:run!: doom 
* 0.260049:*:cli:context-parse: found command (doom)
* 0.260815:*:cli:context-execute: doom
Error: a subcommand is required
* 0.262482:*:cli:call: (doom) -> (:help --subcommands --postamble)
* 0.262701:*:cli:context-parse: found command (:help)
* 0.263273:*:cli:context-parse: found switch "--subcommands"
* 0.263822:*:cli:context-parse: found switch "--postamble"
* 0.264424:*:cli:context-execute: :help
* 0.265146:*:cli:execute: (:before) ((input) (context . #s(doom-cli-context (25619 6520 445443 859000) 11709 1 (126 . 38) nil nil doom nil (doom-cli-command-not-found-error doom) (:help) nil nil ((--postamble) (--envvars) (--similar) (--subcommands) (--synopsis --subcommands --postamble) (--commands) (--manpage) (--no-global) (-g) (--eval) (-E) (--strict-load) (--load) (-L) (--color) (--benchmark) (--profile) (--pager) (--emacsdir) (--doomdir) (--verbose) (-v) (--debug) (-D) (--force) (-!)) ((t) (nil --subcommands --postamble))  *doom-cli stdin*  *doom-cli stdout*  *doom-cli stderr* nil)) (_) (evals) (loads) (color?) (bench?) (profile) (pager) (emacsdir) (doomdir) (verbose?) (debug?) (force?))
* 0.265290:*:cli:execute: (:help) ((context . #s(doom-cli-context (25619 6520 445443 859000) 11709 1 (126 . 38) nil nil doom nil (doom-cli-command-not-found-error doom) (:help) nil nil ((--postamble) (--envvars) (--similar) (--subcommands) (--synopsis --subcommands --postamble) (--commands) (--manpage) (--no-global) (-g) (--eval) (-E) (--strict-load) (--load) (-L) (--color) (--benchmark) (--profile) (--pager) (--emacsdir) (--doomdir) (--verbose) (-v) (--debug) (-D) (--force) (-!)) ((t) (nil --subcommands --postamble))  *doom-cli stdin*  *doom-cli stdout*  *doom-cli stderr* nil)) (command) (sections --subcommands --postamble) (commands?) (manpage?) (localonly?))
* 0.265481:*:cli:load: autoload /home/n/.emacs.d/lisp/cli/sync.el
* 0.265584:*:cli:load: ~/.emacs.d/lisp/cli/sync.el nil
* 0.265996:*:cli:load: ~/.emacs.d/lisp/cli/packages nil
* 0.338812:*:cli:load: autoload /home/n/.emacs.d/lisp/cli/profiles.el
* 0.338962:*:cli:load: ~/.emacs.d/lisp/cli/profiles.el nil
* 0.354827:*:cli:load: autoload /home/n/.emacs.d/lisp/cli/upgrade.el
* 0.354931:*:cli:load: ~/.emacs.d/lisp/cli/upgrade.el nil
* 0.355401:*:cli:load: ~/.emacs.d/lisp/cli/packages nil
* 0.380783:*:cli:load: ~/.emacs.d/lisp/cli/compile nil
* 0.393284:*:cli:load: autoload /home/n/.emacs.d/lisp/cli/env.el
* 0.393385:*:cli:load: ~/.emacs.d/lisp/cli/env.el nil
* 0.399494:*:cli:load: autoload /home/n/.emacs.d/lisp/cli/install.el
* 0.399594:*:cli:load: ~/.emacs.d/lisp/cli/install.el nil
* 0.400036:*:cli:load: ~/.emacs.d/lisp/cli/packages nil
* 0.429183:*:cli:load: autoload /home/n/.emacs.d/lisp/cli/doctor.el
* 0.429291:*:cli:load: ~/.emacs.d/lisp/cli/doctor.el nil
* 0.438267:*:cli:load: autoload /home/n/.emacs.d/lisp/cli/info.el
* 0.438368:*:cli:load: ~/.emacs.d/lisp/cli/info.el nil
* 0.440903:*:cli:load: autoload /home/n/.emacs.d/lisp/cli/ci.el
* 0.441023:*:cli:load: ~/.emacs.d/lisp/cli/ci.el nil
* 0.461389:*:cli:load: autoload /home/n/.emacs.d/lisp/cli/make.el
* 0.461493:*:cli:load: ~/.emacs.d/lisp/cli/make.el nil
* 0.461900:*:cli:load: ~/.emacs.d/lisp/cli/make/completions nil
* 0.472808:*:cli:load: autoload /home/n/.emacs.d/lisp/cli/run.el
* 0.472912:*:cli:load: ~/.emacs.d/lisp/cli/run.el nil

Available commands:
  help         Show documentation for a Doom CLI command.

  Development:
    run        Launch Doom Emacs or an Emacs sandbox
    make […]   (Re)Generate project files and boilerplate.
    ci […]     Commands that automate development processes.

  Diagnostics:
    version    Show installed versions of Doom, Doom modules, and Emacs.
    info       Print detailed information about your config for bug reports.
    doctor     Diagnoses common issues on your system.

  Config Management:
    pf         -> doom pf
    clean      Delete all *.elc files.
    compile    Byte-compiles your config or selected modules.
    install    Installs and sets up Doom Emacs for the first time.
    purge      Deletes orphaned packages & repos, and compacts them.
    build      Byte-compiles & symlinks installed packages.
    env […]    (Re)generates envvars file from your shell environment.
    upgrade    Updates Doom and packages.
    profile […]   THIS COMMAND IS A STUB AND HAS NOT BEEN IMPLEMENTED YET.
    profiles […]   Commands for maintaining your Doom Emacs configuration.
    sync       Synchronize your config with Doom Emacs.

See 'doom h[elp]' or 'doom {-?,--help}' for documentation.
* 0.538743:*:cli:Finished (GCs: 0, elapsed: 0.000000s)
* 0.538743:*:cli:Finished (GCs: 0, elapsed: 0.000000s)
