* 0.249854:*:cli:run!: doom sync
* 0.250086:*:cli:context-parse: found command (doom)
* 0.250772:*:cli:load: autoload /home/n/.emacs.d/lisp/cli/sync.el
* 0.250868:*:cli:load: ~/.emacs.d/lisp/cli/sync.el nil
* 0.251310:*:cli:load: ~/.emacs.d/lisp/cli/packages nil
* 0.320383:*:cli:context-parse: found command (doom sync)
* 0.321143:*:cli:context-execute: doom sync
* 0.322049:*:cli:execute: (:before) ((input) (context . #s(doom-cli-context (25619 20363 712175 494000) 57313 1 (126 . 38) nil nil doom nil nil (doom sync) nil (sync) ((--jobs) (-j) (-p) (-u) (-c) (-e) (--eval) (-E) (--strict-load) (--load) (-L) (--color) (--benchmark) (--profile) (--pager) (--emacsdir) (--doomdir) (--verbose) (-v) (--debug) (-D) (--force) (-!)) ((t) ((doom sync)) ((doom) sync))  *doom-cli stdin*  *doom-cli stdout*  *doom-cli stderr* nil)) (_) (evals) (loads) (color?) (bench?) (profile) (pager) (emacsdir) (doomdir) (verbose?) (debug?) (force?))
* 0.322214:*:cli:execute: (:before doom build) nil
* 0.322298:*:cli:Initializing straight
* 0.322381::context: +packages (cli t)
* 0.322489::context:module: =[0 -110 -110 :core nil nil nil]
* 0.456403:*:cli:Initializing recipes
* 0.461684:*:cli:Installing core packages
* 0.461775:*:cli:execute: (doom sync) ((jobs) (purge?) (update?) (noelc?) (noenvvar?))
* 0.462219:*:cli:call: (doom sync) -> (doom profiles sync --reload)
* 0.462454:*:cli:context-parse: found command (doom)
* 0.462992:*:cli:load: autoload /home/n/.emacs.d/lisp/cli/profiles.el
* 0.463110:*:cli:load: ~/.emacs.d/lisp/cli/profiles.el nil
* 0.478866:*:cli:context-parse: found command (doom profiles)
* 0.479573:*:cli:context-parse: found command (doom profiles sync)
* 0.480234:*:cli:context-parse: found switch "--reload"
* 0.481055:*:cli:context-execute: doom profiles sync
* 0.481924:*:cli:execute: (:before) ((input) (context . #s(doom-cli-context (25619 20363 712175 494000) 57313 1 (126 . 38) nil nil doom nil nil (doom profiles sync) nil (sync) ((--reload . --reload) (--jobs) (-j) (-p) (-u) (-c) (-e) (--eval) (-E) (--strict-load) (--load) (-L) (--color) (--benchmark) (--profile) (--pager) (--emacsdir) (--doomdir) (--verbose) (-v) (--debug) (-D) (--force) (-!)) ((t) ((doom profiles sync) --reload) ((doom profiles) sync --reload) ((doom) profiles sync --reload))  *doom-cli stdin*  *doom-cli stdout*  *doom-cli stderr* nil)) (_) (evals) (loads) (color?) (bench?) (profile) (pager) (emacsdir) (doomdir) (verbose?) (debug?) (force?))
* 0.482084:*:cli:execute: (doom profiles sync) ((reload? . --reload))
  * 0.482825:*:cli:Profiles are up-to-date!
> Synchronizing "default" profile...
  * 0.484527:*:cli:call: (doom profiles sync) -> (doom env)
  * 0.484756:*:cli:context-parse: found command (doom)
  * 0.485282:*:cli:load: autoload /home/n/.emacs.d/lisp/cli/env.el
  * 0.485380:*:cli:load: ~/.emacs.d/lisp/cli/env.el nil
  * 0.491733:*:cli:context-parse: found command (doom env)
  * 0.492467:*:cli:context-execute: doom env
  * 0.493237:*:cli:execute: (:before) ((input) (context . #s(doom-cli-context (25619 20363 712175 494000) 57313 1 (126 . 38) nil nil doom nil nil (doom env) nil (sync) ((--deny) (-d) (--allow) (-a) (-o) (--deny-all) (--allow-all) (--reload . --reload) (--jobs) (-j) (-p) (-u) (-c) (-e) (--eval) (-E) (--strict-load) (--load) (-L) (--color) (--benchmark) (--profile) (--pager) (--emacsdir) (--doomdir) (--verbose) (-v) (--debug) (-D) (--force) (-!)) ((t) ((doom env)) ((doom) env))  *doom-cli stdin*  *doom-cli stdout*  *doom-cli stderr* nil)) (_) (evals) (loads) (color?) (bench?) (profile) (pager) (emacsdir) (doomdir) (verbose?) (debug?) (force?))
  * 0.493380:*:cli:execute: (doom env) ((rules) (output-file) (deny-only) (allow-only))
  > Regenerating envvars file
    * 0.495028:*:cli:cli:env: deny I3SOCK
    * 0.495491:*:cli:cli:env: deny PWD
    * 0.495640:*:cli:cli:env: deny XDG_VTNR
    * 0.495807:*:cli:cli:env: deny GPG_AGENT_INFO
    * 0.496126:*:cli:cli:env: deny __DOOMSTEP
    * 0.496697:*:cli:cli:env: deny SSH_AUTH_SOCK
    * 0.497141:*:cli:cli:env: deny XAUTHORITY
    * 0.497451:*:cli:cli:env: deny XDG_CURRENT_DESKTOP
    * 0.497638:*:cli:cli:env: deny DISPLAY
    * 0.497836:*:cli:cli:env: deny XDG_RUNTIME_DIR
    * 0.498379:*:cli:cli:env: deny TERM
    * 0.498503:*:cli:cli:env: deny XDG_SESSION_CLASS
    * 0.498894:*:cli:cli:env: deny __DOOMPIPE
    * 0.499220:*:cli:cli:env: deny __DOOMPID
    * 0.499367:*:cli:cli:env: deny DBUS_SESSION_BUS_ADDRESS
    * 0.499665:*:cli:cli:env: deny XDG_SEAT_PATH
    * 0.499915:*:cli:cli:env: deny __DOOMGEOM
    * 0.500215:*:cli:cli:env: deny __DOOMGPIPE
    * 0.500513:*:cli:cli:env: deny OLDPWD
    * 0.500603:*:cli:cli:env: deny HOME
    * 0.500692:*:cli:cli:env: deny SHLVL
    * 0.500823:*:cli:cli:env: deny XDG_SESSION_TYPE
    * 0.501029:*:cli:cli:env: deny SSH_AGENT_PID
    * 0.501173:*:cli:cli:env: deny XDG_SEAT
    * 0.501265:*:cli:cli:env: deny USER
    ✓ Generated ~/.emacs.d/.local/env
  * 0.503675:*:cli:Initializing package.el
  * 0.555985:*:cli:Initializing straight.el
  * 0.556529::context: +packages (cli t)
  * 0.556616::context:module: =[1 105 -105 :user nil nil nil]
  * 0.557080::context:module: =[2 -111 -111 :config use-package nil nil]
  * 0.558509::context:module: =[0 -110 -110 :core nil nil nil]
  * 0.584173::context:module: =[1 105 -105 :user nil nil nil]
  * 0.584651::context:module: =[3 0 0 :completion company nil nil]
  * 0.587884::context:module: =[4 0 0 :completion vertico nil nil]
  * 0.598977::context:module: =[5 0 0 :ui doom nil nil]
  * 0.601458::context:module: =[6 0 0 :ui doom-dashboard nil nil]
  * 0.601566::context:module: =[7 0 0 :ui hl-todo nil nil]
  * 0.602935::context:module: =[8 0 0 :ui modeline nil nil]
  * 0.606217::context:module: =[9 0 0 :ui ophints nil nil]
  * 0.608431::context:module: =[10 0 0 :ui popup (+defaults) nil]
  * 0.608550::context:module: =[11 0 0 :ui vc-gutter (+pretty) nil]
  * 0.610715::context:module: =[12 0 0 :ui vi-tilde-fringe nil nil]
  * 0.612222::context:module: =[13 0 0 :ui workspaces nil nil]
  * 0.613626::context:module: =[14 0 0 :editor file-templates nil nil]
  * 0.615024::context:module: =[15 0 0 :editor fold nil nil]
  * 0.619152::context:module: =[16 0 0 :editor snippets nil nil]
  * 0.622699::context:module: =[17 0 0 :emacs dired nil nil]
  * 0.629650::context:module: =[18 0 0 :emacs electric nil nil]
  * 0.629760::context:module: =[19 0 0 :emacs undo nil nil]
  * 0.632964::context:module: =[20 0 0 :emacs vc nil nil]
  * 0.640480::context:module: =[21 0 0 :checkers syntax nil nil]
  * 0.643765::context:module: =[22 0 0 :tools eval (+overlay) nil]
  * 0.646186::context:module: =[23 0 0 :tools lookup nil nil]
  * 0.657294::context:module: =[24 0 0 :tools magit nil nil]
  * 0.661323::context:module: =[25 0 0 :lang emacs-lisp nil nil]
  * 0.670965::context:module: =[26 0 0 :lang markdown nil nil]
  * 0.676091::context:module: =[27 0 0 :lang org nil nil]
  * 0.718342::context:module: =[28 0 0 :lang sh nil nil]
  * 0.721374::context:module: =[29 0 0 :config default (+bindings +smartparens) nil]
  * 0.725888::context:module: =[1 105 -105 :user nil nil nil]
  > Installing packages...
    > Updating recipe repos...
      > Updating recipes for melpa...
      > Updating recipes for nongnu-elpa...
      > Updating recipes for gnu-elpa-mirror...
      > Updating recipes for el-get...
      > Updating recipes for emacsmirror-mirror...
    > Cloning volatile-highlights.el...
    > Building volatile-highlights...
      INFO     Scraping files for volatile-highlights-autoloads.el... 
      INFO     Scraping files for volatile-highlights-autoloads.el...done
    ✓ Installed 1 packages
  > (Re)building packages...
    - No packages need rebuilding
  > Purging orphaned packages (for the emperor)...
    - Skipping builds
    - Skipping elpa packages
    - Skipping repos
    - Skipping regrafting
  > (Re)building profile in /home/n/.emacs.d/.local/etc/@/...
    > Deleting old init files...
    > Generating 4 init files...
    > Byte-compiling ~/.emacs.d/.local/etc/@init.28.el...
    ✓ Built init.28.elc
  - Restart Emacs or use 'M-x doom/reload' for changes to take effect
* 8.834269:*:cli:Finished (GCs: 0, elapsed: 0.000000s)
* 8.834269:*:cli:Finished (GCs: 0, elapsed: 0.000000s)
✓ Finished in 8.83453s
